[0.019s] Invoking command in '/home/katzchen/Documents/Robotics/Examples_ws/build/Example_C_ws': CMAKE_PREFIX_PATH=/opt/ros/humble /usr/bin/cmake --build /home/katzchen/Documents/Robotics/Examples_ws/build/Example_C_ws -- -j16 -l16
[0.079s] [35m[1mConsolidate compiler generated dependencies of target pub[0m
[0.096s] [ 66%] Built target sub
[0.096s] [ 66%] Built target pubsub
[0.101s] [ 83%] [32mBuilding CXX object CMakeFiles/pub.dir/src/pub.cpp.o[0m
[2.627s] [01m[K/home/katzchen/Documents/Robotics/Examples_ws/Example_C_ws/src/pub.cpp:[m[K In member function â€˜[01m[Kvoid Alpha_Publisher::timer_callback()[m[Kâ€™:
[2.627s] [01m[K/home/katzchen/Documents/Robotics/Examples_ws/Example_C_ws/src/pub.cpp:27:7:[m[K [01;31m[Kerror: [m[Kâ€˜[01m[KArray_1[m[Kâ€™ was not declared in this scope
[2.628s]    27 |       [01;31m[KArray_1[m[K = {1, 2, 3, 4, 5}
[2.628s]       |       [01;31m[K^~~~~~~[m[K
[2.633s] [01m[K/home/katzchen/Documents/Robotics/Examples_ws/Example_C_ws/src/pub.cpp:29:7:[m[K [01;31m[Kerror: [m[Kâ€˜[01m[Kmessage[m[Kâ€™ was not declared in this scope
[2.633s]    29 |       [01;31m[Kmessage[m[K.data = Array_1;
[2.633s]       |       [01;31m[K^~~~~~~[m[K
[3.356s] gmake[2]: *** [CMakeFiles/pub.dir/build.make:76: CMakeFiles/pub.dir/src/pub.cpp.o] Error 1
[3.357s] gmake[1]: *** [CMakeFiles/Makefile2:141: CMakeFiles/pub.dir/all] Error 2
[3.357s] gmake: *** [Makefile:146: all] Error 2
[3.360s] Invoked command in '/home/katzchen/Documents/Robotics/Examples_ws/build/Example_C_ws' returned '2': CMAKE_PREFIX_PATH=/opt/ros/humble /usr/bin/cmake --build /home/katzchen/Documents/Robotics/Examples_ws/build/Example_C_ws -- -j16 -l16
