[0.019s] Invoking command in '/home/katzchen/Documents/Robotics/Examples_ws/build/Example_C_ws': CMAKE_PREFIX_PATH=/opt/ros/humble /usr/bin/cmake --build /home/katzchen/Documents/Robotics/Examples_ws/build/Example_C_ws -- -j16 -l16
[0.077s] [35m[1mConsolidate compiler generated dependencies of target pub[0m
[0.095s] [ 66%] Built target pubsub
[0.095s] [ 66%] Built target sub
[0.100s] [ 83%] [32mBuilding CXX object CMakeFiles/pub.dir/src/pub.cpp.o[0m
[2.717s] [01m[K/home/katzchen/Documents/Robotics/Examples_ws/Example_C_ws/src/pub.cpp:[m[K In constructor â€˜[01m[KAlpha_Publisher::Alpha_Publisher()[m[Kâ€™:
[2.718s] [01m[K/home/katzchen/Documents/Robotics/Examples_ws/Example_C_ws/src/pub.cpp:19:58:[m[K [01;31m[Kerror: [m[Kâ€˜[01m[Ku_int8_multi_array[m[Kâ€™ is not a member of â€˜[01m[Kstd_msgs::msg[m[Kâ€™; did you mean â€˜[01m[KUInt8MultiArray[m[Kâ€™?
[2.718s]    19 |       publisher_ = this->create_publisher<std_msgs::msg::[01;31m[Ku_int8_multi_array[m[K>("Topic_1", 10);
[2.718s]       |                                                          [01;31m[K^~~~~~~~~~~~~~~~~~[m[K
[2.718s]       |                                                          [32m[KUInt8MultiArray[m[K
[2.718s] [01m[K/home/katzchen/Documents/Robotics/Examples_ws/Example_C_ws/src/pub.cpp:19:77:[m[K [01;31m[Kerror: [m[Kno matching function for call to â€˜[01m[KAlpha_Publisher::create_publisher<<expression error> >(const char [8], int)[m[Kâ€™
[2.718s]    19 |       publisher_ = [01;31m[Kthis->create_publisher<std_msgs::msg::u_int8_multi_array>("Topic_1", 10)[m[K;
[2.718s]       |                    [01;31m[K~~~~~~~~~~~~~~~~~~~~~~~~~~~~~~~~~~~~~~~~~~~~~~~~~~~~~~~~~^~~~~~~~~~~~~~~[m[K
[2.718s] In file included from [01m[K/opt/ros/humble/include/rclcpp/rclcpp/executors/single_threaded_executor.hpp:28[m[K,
[2.718s]                  from [01m[K/opt/ros/humble/include/rclcpp/rclcpp/executors.hpp:22[m[K,
[2.719s]                  from [01m[K/opt/ros/humble/include/rclcpp/rclcpp/rclcpp.hpp:155[m[K,
[2.719s]                  from [01m[K/home/katzchen/Documents/Robotics/Examples_ws/Example_C_ws/src/pub.cpp:6[m[K:
[2.719s] [01m[K/opt/ros/humble/include/rclcpp/rclcpp/node.hpp:195:3:[m[K [01;36m[Knote: [m[Kcandidate: â€˜[01m[Ktemplate<class MessageT, class AllocatorT, class PublisherT> std::shared_ptr<PublisherT> rclcpp::Node::create_publisher(const string&, const rclcpp::QoS&, const rclcpp::PublisherOptionsWithAllocator<AllocatorT>&)[m[Kâ€™
[2.719s]   195 |   [01;36m[Kcreate_publisher[m[K(
[2.719s]       |   [01;36m[K^~~~~~~~~~~~~~~~[m[K
[2.719s] [01m[K/opt/ros/humble/include/rclcpp/rclcpp/node.hpp:195:3:[m[K [01;36m[Knote: [m[K  template argument deduction/substitution failed:
[2.719s] [01m[K/home/katzchen/Documents/Robotics/Examples_ws/Example_C_ws/src/pub.cpp:19:77:[m[K [01;31m[Kerror: [m[Ktemplate argument 1 is invalid
[2.719s]    19 |       publisher_ = [01;31m[Kthis->create_publisher<std_msgs::msg::u_int8_multi_array>("Topic_1", 10)[m[K;
[2.719s]       |                    [01;31m[K~~~~~~~~~~~~~~~~~~~~~~~~~~~~~~~~~~~~~~~~~~~~~~~~~~~~~~~~~^~~~~~~~~~~~~~~[m[K
[2.729s] [01m[K/home/katzchen/Documents/Robotics/Examples_ws/Example_C_ws/src/pub.cpp:[m[K In member function â€˜[01m[Kvoid Alpha_Publisher::timer_callback()[m[Kâ€™:
[2.729s] [01m[K/home/katzchen/Documents/Robotics/Examples_ws/Example_C_ws/src/pub.cpp:27:37:[m[K [01;31m[Kerror: [m[Kâ€˜[01m[KString[m[Kâ€™ is not a member of â€˜[01m[Kstd_msgs::msg[m[Kâ€™
[2.729s]    27 |       auto message = std_msgs::msg::[01;31m[KString[m[K();
[2.729s]       |                                     [01;31m[K^~~~~~[m[K
[3.208s] gmake[2]: *** [CMakeFiles/pub.dir/build.make:76: CMakeFiles/pub.dir/src/pub.cpp.o] Error 1
[3.209s] gmake[1]: *** [CMakeFiles/Makefile2:141: CMakeFiles/pub.dir/all] Error 2
[3.209s] gmake: *** [Makefile:146: all] Error 2
[3.212s] Invoked command in '/home/katzchen/Documents/Robotics/Examples_ws/build/Example_C_ws' returned '2': CMAKE_PREFIX_PATH=/opt/ros/humble /usr/bin/cmake --build /home/katzchen/Documents/Robotics/Examples_ws/build/Example_C_ws -- -j16 -l16
