[0.017s] Invoking command in '/home/katzchen/Documents/Robotics/Examples_ws/build/Example_C_ws': CMAKE_PREFIX_PATH=/opt/ros/humble /usr/bin/cmake --build /home/katzchen/Documents/Robotics/Examples_ws/build/Example_C_ws -- -j16 -l16
[0.074s] [35m[1mConsolidate compiler generated dependencies of target pub[0m
[0.092s] [ 66%] Built target pubsub
[0.093s] [ 66%] Built target sub
[0.099s] [ 83%] [32mBuilding CXX object CMakeFiles/pub.dir/src/pub.cpp.o[0m
[2.621s] [01m[K/home/katzchen/Documents/Robotics/Examples_ws/Example_C_ws/src/pub.cpp:17:5:[m[K [01;31m[Kerror: [m[KISO C++ forbids declaration of â€˜[01m[KAlpha_Publisher[m[Kâ€™ with no type [[01;31m[K]8;;https://gcc.gnu.org/onlinedocs/gcc/Warning-Options.html#index-fpermissive-fpermissive]8;;[m[K]
[2.621s]    17 |     [01;31m[KAlpha_Publisher[m[K() : Node("Puublisher_N")
[2.621s]       |     [01;31m[K^~~~~~~~~~~~~~~[m[K
[2.622s] [01m[K/home/katzchen/Documents/Robotics/Examples_ws/Example_C_ws/src/pub.cpp:[m[K In member function â€˜[01m[Kint MinimalPublisher::Alpha_Publisher()[m[Kâ€™:
[2.622s] [01m[K/home/katzchen/Documents/Robotics/Examples_ws/Example_C_ws/src/pub.cpp:17:25:[m[K [01;31m[Kerror: [m[Konly constructors take member initializers
[2.622s]    17 |     Alpha_Publisher() : [01;31m[KNode[m[K("Puublisher_N")
[2.622s]       |                         [01;31m[K^~~~[m[K
[2.622s] [01m[K/home/katzchen/Documents/Robotics/Examples_ws/Example_C_ws/src/pub.cpp:19:58:[m[K [01;31m[Kerror: [m[Kâ€˜[01m[Ku_int8_multi_array[m[Kâ€™ is not a member of â€˜[01m[Kstd_msgs::msg[m[Kâ€™; did you mean â€˜[01m[KUInt8MultiArray[m[Kâ€™?
[2.622s]    19 |       publisher_ = this->create_publisher<std_msgs::msg::[01;31m[Ku_int8_multi_array[m[K>("Topic_1", 10);
[2.622s]       |                                                          [01;31m[K^~~~~~~~~~~~~~~~~~[m[K
[2.622s]       |                                                          [32m[KUInt8MultiArray[m[K
[2.622s] [01m[K/home/katzchen/Documents/Robotics/Examples_ws/Example_C_ws/src/pub.cpp:19:77:[m[K [01;31m[Kerror: [m[Kno matching function for call to â€˜[01m[KMinimalPublisher::create_publisher<<expression error> >(const char [8], int)[m[Kâ€™
[2.622s]    19 |       publisher_ = [01;31m[Kthis->create_publisher<std_msgs::msg::u_int8_multi_array>("Topic_1", 10)[m[K;
[2.623s]       |                    [01;31m[K~~~~~~~~~~~~~~~~~~~~~~~~~~~~~~~~~~~~~~~~~~~~~~~~~~~~~~~~~^~~~~~~~~~~~~~~[m[K
[2.623s] In file included from [01m[K/opt/ros/humble/include/rclcpp/rclcpp/executors/single_threaded_executor.hpp:28[m[K,
[2.623s]                  from [01m[K/opt/ros/humble/include/rclcpp/rclcpp/executors.hpp:22[m[K,
[2.623s]                  from [01m[K/opt/ros/humble/include/rclcpp/rclcpp/rclcpp.hpp:155[m[K,
[2.623s]                  from [01m[K/home/katzchen/Documents/Robotics/Examples_ws/Example_C_ws/src/pub.cpp:6[m[K:
[2.623s] [01m[K/opt/ros/humble/include/rclcpp/rclcpp/node.hpp:195:3:[m[K [01;36m[Knote: [m[Kcandidate: â€˜[01m[Ktemplate<class MessageT, class AllocatorT, class PublisherT> std::shared_ptr<PublisherT> rclcpp::Node::create_publisher(const string&, const rclcpp::QoS&, const rclcpp::PublisherOptionsWithAllocator<AllocatorT>&)[m[Kâ€™
[2.623s]   195 |   [01;36m[Kcreate_publisher[m[K(
[2.623s]       |   [01;36m[K^~~~~~~~~~~~~~~~[m[K
[2.623s] [01m[K/opt/ros/humble/include/rclcpp/rclcpp/node.hpp:195:3:[m[K [01;36m[Knote: [m[K  template argument deduction/substitution failed:
[2.623s] [01m[K/home/katzchen/Documents/Robotics/Examples_ws/Example_C_ws/src/pub.cpp:19:77:[m[K [01;31m[Kerror: [m[Ktemplate argument 1 is invalid
[2.623s]    19 |       publisher_ = [01;31m[Kthis->create_publisher<std_msgs::msg::u_int8_multi_array>("Topic_1", 10)[m[K;
[2.623s]       |                    [01;31m[K~~~~~~~~~~~~~~~~~~~~~~~~~~~~~~~~~~~~~~~~~~~~~~~~~~~~~~~~~^~~~~~~~~~~~~~~[m[K
[2.623s] [01m[K/home/katzchen/Documents/Robotics/Examples_ws/Example_C_ws/src/pub.cpp:21:26:[m[K [01;31m[Kerror: [m[Kâ€˜[01m[KAlpha_Publisher[m[Kâ€™ is not a class, namespace, or enumeration
[2.623s]    21 |       1000ms, std::bind(&[01;31m[KAlpha_Publisher[m[K::timer_callback, this));
[2.623s]       |                          [01;31m[K^~~~~~~~~~~~~~~[m[K
[2.623s] [01m[K/home/katzchen/Documents/Robotics/Examples_ws/Example_C_ws/src/pub.cpp:22:5:[m[K [01;35m[Kwarning: [m[Kno return statement in function returning non-void [[01;35m[K]8;;https://gcc.gnu.org/onlinedocs/gcc/Warning-Options.html#index-Wreturn-type-Wreturn-type]8;;[m[K]
[2.624s]    22 |     [01;35m[K}[m[K
[2.624s]       |     [01;35m[K^[m[K
[2.624s] [01m[K/home/katzchen/Documents/Robotics/Examples_ws/Example_C_ws/src/pub.cpp:[m[K In member function â€˜[01m[Kvoid MinimalPublisher::timer_callback()[m[Kâ€™:
[2.624s] [01m[K/home/katzchen/Documents/Robotics/Examples_ws/Example_C_ws/src/pub.cpp:27:37:[m[K [01;31m[Kerror: [m[Kâ€˜[01m[KString[m[Kâ€™ is not a member of â€˜[01m[Kstd_msgs::msg[m[Kâ€™
[2.624s]    27 |       auto message = std_msgs::msg::[01;31m[KString[m[K();
[2.624s]       |                                     [01;31m[K^~~~~~[m[K
[2.628s] [01m[K/home/katzchen/Documents/Robotics/Examples_ws/Example_C_ws/src/pub.cpp:[m[K In function â€˜[01m[Kint main(int, char**)[m[Kâ€™:
[2.628s] [01m[K/home/katzchen/Documents/Robotics/Examples_ws/Example_C_ws/src/pub.cpp:38:33:[m[K [01;31m[Kerror: [m[Kâ€˜[01m[KAlpha_Publisher[m[Kâ€™ was not declared in this scope
[2.628s]    38 |   rclcpp::spin(std::make_shared<[01;31m[KAlpha_Publisher[m[K>());
[2.628s]       |                                 [01;31m[K^~~~~~~~~~~~~~~[m[K
[2.628s] [01m[K/home/katzchen/Documents/Robotics/Examples_ws/Example_C_ws/src/pub.cpp:38:49:[m[K [01;31m[Kerror: [m[Kno matching function for call to â€˜[01m[Kmake_shared<<expression error> >()[m[Kâ€™
[2.628s]    38 |   rclcpp::spin([01;31m[Kstd::make_shared<Alpha_Publisher>()[m[K);
[2.628s]       |                [01;31m[K~~~~~~~~~~~~~~~~~~~~~~~~~~~~~~~~~^~[m[K
[2.629s] In file included from [01m[K/usr/include/c++/11/memory:77[m[K,
[2.629s]                  from [01m[K/home/katzchen/Documents/Robotics/Examples_ws/Example_C_ws/src/pub.cpp:3[m[K:
[2.629s] [01m[K/usr/include/c++/11/bits/shared_ptr.h:875:5:[m[K [01;36m[Knote: [m[Kcandidate: â€˜[01m[Ktemplate<class _Tp, class ... _Args> std::shared_ptr<_Tp> std::make_shared(_Args&& ...)[m[Kâ€™
[2.629s]   875 |     [01;36m[Kmake_shared[m[K(_Args&&... __args)
[2.629s]       |     [01;36m[K^~~~~~~~~~~[m[K
[2.629s] [01m[K/usr/include/c++/11/bits/shared_ptr.h:875:5:[m[K [01;36m[Knote: [m[K  template argument deduction/substitution failed:
[2.629s] [01m[K/home/katzchen/Documents/Robotics/Examples_ws/Example_C_ws/src/pub.cpp:38:49:[m[K [01;31m[Kerror: [m[Ktemplate argument 1 is invalid
[2.629s]    38 |   rclcpp::spin([01;31m[Kstd::make_shared<Alpha_Publisher>()[m[K);
[2.629s]       |                [01;31m[K~~~~~~~~~~~~~~~~~~~~~~~~~~~~~~~~~^~[m[K
[3.061s] gmake[2]: *** [CMakeFiles/pub.dir/build.make:76: CMakeFiles/pub.dir/src/pub.cpp.o] Error 1
[3.061s] gmake[1]: *** [CMakeFiles/Makefile2:141: CMakeFiles/pub.dir/all] Error 2
[3.061s] gmake: *** [Makefile:146: all] Error 2
[3.064s] Invoked command in '/home/katzchen/Documents/Robotics/Examples_ws/build/Example_C_ws' returned '2': CMAKE_PREFIX_PATH=/opt/ros/humble /usr/bin/cmake --build /home/katzchen/Documents/Robotics/Examples_ws/build/Example_C_ws -- -j16 -l16
