[35m[1mConsolidate compiler generated dependencies of target pub[0m
[ 50%] Built target pubsub
[ 50%] [32mBuilding CXX object CMakeFiles/sub.dir/src/sub.cpp.o[0m
[ 83%] Built target pub
[01m[K/home/katzchen/Documents/Robotics/Examples_ws/Example_C_ws/src/sub.cpp:[m[K In member function â€˜[01m[Kvoid Alpha_Subscriber::topic_callback(const UInt8MultiArray&) const[m[Kâ€™:
[01m[K/home/katzchen/Documents/Robotics/Examples_ws/Example_C_ws/src/sub.cpp:47:29:[m[K [01;35m[Kwarning: [m[Kcomparison is always false due to limited range of data type [[01;35m[K]8;;https://gcc.gnu.org/onlinedocs/gcc/Warning-Options.html#index-Wtype-limits-Wtype-limits]8;;[m[K]
   47 |         if (message.data[i] < 0)
[01m[K/home/katzchen/Documents/Robotics/Examples_ws/Example_C_ws/src/sub.cpp:50:9:[m[K [01;31m[Kerror: [m[Kexpected â€˜[01m[K;[m[Kâ€™ before â€˜[01m[K}[m[Kâ€™ token
   50 |         [01;31m[K}[m[K
      |         [01;31m[K^[m[K
gmake[2]: *** [CMakeFiles/sub.dir/build.make:76: CMakeFiles/sub.dir/src/sub.cpp.o] Error 1
gmake[1]: *** [CMakeFiles/Makefile2:193: CMakeFiles/sub.dir/all] Error 2
gmake: *** [Makefile:146: all] Error 2
