In file included from [01m[K/opt/ros/humble/include/rclcpp/rclcpp/logging.hpp:24[m[K,
                 from [01m[K/opt/ros/humble/include/rclcpp/rclcpp/client.hpp:40[m[K,
                 from [01m[K/opt/ros/humble/include/rclcpp/rclcpp/callback_group.hpp:24[m[K,
                 from [01m[K/opt/ros/humble/include/rclcpp/rclcpp/any_executable.hpp:20[m[K,
                 from [01m[K/opt/ros/humble/include/rclcpp/rclcpp/memory_strategy.hpp:25[m[K,
                 from [01m[K/opt/ros/humble/include/rclcpp/rclcpp/memory_strategies.hpp:18[m[K,
                 from [01m[K/opt/ros/humble/include/rclcpp/rclcpp/executor_options.hpp:20[m[K,
                 from [01m[K/opt/ros/humble/include/rclcpp/rclcpp/executor.hpp:37[m[K,
                 from [01m[K/opt/ros/humble/include/rclcpp/rclcpp/executors/multi_threaded_executor.hpp:25[m[K,
                 from [01m[K/opt/ros/humble/include/rclcpp/rclcpp/executors.hpp:21[m[K,
                 from [01m[K/opt/ros/humble/include/rclcpp/rclcpp/rclcpp.hpp:155[m[K,
                 from [01m[K/home/katzchen/Documents/Robotics/Examples_ws/Example_C_ws/src/pubsub.cpp:3[m[K:
[01m[K/home/katzchen/Documents/Robotics/Examples_ws/Example_C_ws/src/pubsub.cpp:[m[K In member function â€˜[01m[Kvoid Alpha_PubSub::topic_callback(const UInt8MultiArray&) const[m[Kâ€™:
[01m[K/home/katzchen/Documents/Robotics/Examples_ws/Example_C_ws/src/pubsub.cpp:26:63:[m[K [01;31m[Kerror: [m[Kâ€˜[01m[Kconst _data_type[m[Kâ€™ {aka â€˜[01m[Kconst class std::vector<unsigned char, std::allocator<unsigned char> >[m[Kâ€™} has no member named â€˜[01m[Kc_str[m[Kâ€™
   26 |       RCLCPP_INFO(this->get_logger(), "Heard: '%s'", msg.data.[01;31m[Kc_str[m[K());
      |                                                               [01;31m[K^~~~~[m[K
[01m[K/home/katzchen/Documents/Robotics/Examples_ws/Example_C_ws/src/pubsub.cpp:28:37:[m[K [01;31m[Kerror: [m[Kâ€˜[01m[KString[m[Kâ€™ is not a member of â€˜[01m[Kstd_msgs::msg[m[Kâ€™
   28 |       auto message = std_msgs::msg::[01;31m[KString[m[K();
      |                                     [01;31m[K^~~~~~[m[K
gmake[2]: *** [CMakeFiles/pubsub.dir/build.make:76: CMakeFiles/pubsub.dir/src/pubsub.cpp.o] Error 1
gmake[1]: *** [CMakeFiles/Makefile2:167: CMakeFiles/pubsub.dir/all] Error 2
gmake[1]: *** Waiting for unfinished jobs....
gmake: *** [Makefile:146: all] Error 2
