[0.020s] Invoking command in '/home/katzchen/Documents/Robotics/Examples_ws/build/Example_C_ws': CMAKE_PREFIX_PATH=/opt/ros/humble /usr/bin/cmake --build /home/katzchen/Documents/Robotics/Examples_ws/build/Example_C_ws -- -j16 -l16
[0.108s] [35m[1mConsolidate compiler generated dependencies of target pub[0m
[0.143s] [ 66%] [32mBuilding CXX object CMakeFiles/pubsub.dir/src/pubsub.cpp.o[0m
[0.143s] [ 66%] Built target sub
[0.143s] [ 83%] Built target pub
[2.842s] [01m[K/home/katzchen/Documents/Robotics/Examples_ws/Example_C_ws/src/pubsub.cpp:[m[K In constructor â€˜[01m[KAlpha_PubSub::Alpha_PubSub()[m[Kâ€™:
[2.842s] [01m[K/home/katzchen/Documents/Robotics/Examples_ws/Example_C_ws/src/pubsub.cpp:21:33:[m[K [01;31m[Kerror: [m[Kâ€˜[01m[KMinimalPubSub[m[Kâ€™ has not been declared
[2.843s]    21 |       "Topic_1", 10, std::bind(&[01;31m[KMinimalPubSub[m[K::topic_callback, this, _1));
[2.843s]       |                                 [01;31m[K^~~~~~~~~~~~~[m[K
[3.621s] gmake[2]: *** [CMakeFiles/pubsub.dir/build.make:76: CMakeFiles/pubsub.dir/src/pubsub.cpp.o] Error 1
[3.621s] gmake[1]: *** [CMakeFiles/Makefile2:167: CMakeFiles/pubsub.dir/all] Error 2
[3.621s] gmake: *** [Makefile:146: all] Error 2
[3.624s] Invoked command in '/home/katzchen/Documents/Robotics/Examples_ws/build/Example_C_ws' returned '2': CMAKE_PREFIX_PATH=/opt/ros/humble /usr/bin/cmake --build /home/katzchen/Documents/Robotics/Examples_ws/build/Example_C_ws -- -j16 -l16
