[35m[1mConsolidate compiler generated dependencies of target sub[0m
[35m[1mConsolidate compiler generated dependencies of target pubsub[0m
[ 16%] [32mBuilding CXX object CMakeFiles/pub.dir/src/pub.cpp.o[0m
[ 83%] Built target sub
[ 83%] Built target pubsub
[01m[K/home/katzchen/Documents/Robotics/Examples_ws/Example_C_ws/src/pub.cpp:7:10:[m[K [01;31m[Kfatal error: [m[Kstd_msgs/msg/UInt_8_Multi_Array.hpp: No such file or directory
    7 | #include [01;31m[K"std_msgs/msg/UInt_8_Multi_Array.hpp"[m[K
      |          [01;31m[K^~~~~~~~~~~~~~~~~~~~~~~~~~~~~~~~~~~~~[m[K
compilation terminated.
gmake[2]: *** [CMakeFiles/pub.dir/build.make:76: CMakeFiles/pub.dir/src/pub.cpp.o] Error 1
gmake[1]: *** [CMakeFiles/Makefile2:141: CMakeFiles/pub.dir/all] Error 2
gmake: *** [Makefile:146: all] Error 2
