[0.017s] Invoking command in '/home/katzchen/Documents/Robotics/Examples_ws/build/Example_C_ws': CMAKE_PREFIX_PATH=/opt/ros/humble /usr/bin/cmake --build /home/katzchen/Documents/Robotics/Examples_ws/build/Example_C_ws -- -j16 -l16
[0.074s] [35m[1mConsolidate compiler generated dependencies of target sub[0m
[0.074s] [35m[1mConsolidate compiler generated dependencies of target pubsub[0m
[0.086s] [ 16%] [32mBuilding CXX object CMakeFiles/pub.dir/src/pub.cpp.o[0m
[0.097s] [ 83%] Built target sub
[0.097s] [ 83%] Built target pubsub
[0.351s] [01m[K/home/katzchen/Documents/Robotics/Examples_ws/Example_C_ws/src/pub.cpp:7:10:[m[K [01;31m[Kfatal error: [m[Kstd_msgs/msg/UInt_8_Multi_Array.hpp: No such file or directory
[0.351s]     7 | #include [01;31m[K"std_msgs/msg/UInt_8_Multi_Array.hpp"[m[K
[0.351s]       |          [01;31m[K^~~~~~~~~~~~~~~~~~~~~~~~~~~~~~~~~~~~~[m[K
[0.352s] compilation terminated.
[0.356s] gmake[2]: *** [CMakeFiles/pub.dir/build.make:76: CMakeFiles/pub.dir/src/pub.cpp.o] Error 1
[0.357s] gmake[1]: *** [CMakeFiles/Makefile2:141: CMakeFiles/pub.dir/all] Error 2
[0.357s] gmake: *** [Makefile:146: all] Error 2
[0.361s] Invoked command in '/home/katzchen/Documents/Robotics/Examples_ws/build/Example_C_ws' returned '2': CMAKE_PREFIX_PATH=/opt/ros/humble /usr/bin/cmake --build /home/katzchen/Documents/Robotics/Examples_ws/build/Example_C_ws -- -j16 -l16
